<!DOCTYPE html PUBLIC "-//W3C//DTD XHTML 1.1//EN" "http://www.w3.org/TR/xhtml11/DTD/xhtml11.dtd">
<html xmlns="http://www.w3.org/1999/xhtml"><head><title>TestNG Report</title><style type="text/css">table {margin-bottom:10px;border-collapse:collapse;empty-cells:show}th,td {border:1px solid #009;padding:.25em .5em}th {vertical-align:bottom}td {vertical-align:top}table a {font-weight:bold}.stripe td {background-color: #E6EBF9}.num {text-align:right}.passedodd td {background-color: #3F3}.passedeven td {background-color: #0A0}.skippedodd td {background-color: #DDD}.skippedeven td {background-color: #CCC}.failedodd td,.attn {background-color: #F33}.failedeven td,.stripe .attn {background-color: #D00}.stacktrace {white-space:pre;font-family:monospace}.totop {font-size:85%;text-align:center;border-bottom:2px solid #000}</style></head><body><table><tr><th>Test</th><th># Passed</th><th># Skipped</th><th># Failed</th><th>Time (ms)</th><th>Included Groups</th><th>Excluded Groups</th></tr><tr><th colspan="7">Suite</th></tr><tr><td><a href="#t0">Test</a></td><td class="num">3</td><td class="num">0</td><td class="num attn">3</td><td class="num">36,981</td><td></td><td></td></tr></table><table><thead><tr><th>Class</th><th>Method</th><th>Start</th><th>Time (ms)</th></tr></thead><tbody><tr><th colspan="4">Suite</th></tr></tbody><tbody id="t0"><tr><th colspan="4">Test &#8212; failed</th></tr><tr class="failedeven"><td rowspan="3">myTests.baseTestClass</td><td><a href="#m0">InValidLogin</a></td><td rowspan="1">1620622661497</td><td rowspan="1">995</td></tr><tr class="failedeven"><td><a href="#m1">VerifyLoginWithJustPassword</a></td><td rowspan="1">1620622683938</td><td rowspan="1">564</td></tr><tr class="failedeven"><td><a href="#m2">VerifyLoginWithJustUserName</a></td><td rowspan="1">1620622687823</td><td rowspan="1">778</td></tr><tr><th colspan="4">Test &#8212; passed</th></tr><tr class="passedeven"><td rowspan="3">myTests.baseTestClass</td><td><a href="#m3">ValidLogin</a></td><td rowspan="1">1620622665960</td><td rowspan="1">10967</td></tr><tr class="passedeven"><td><a href="#m4">VerifyElementsPresentInLoginPage</a></td><td rowspan="1">1620622680334</td><td rowspan="1">221</td></tr><tr class="passedeven"><td><a href="#m5">verifySearchResults</a></td><td rowspan="1">1620622691720</td><td rowspan="1">2362</td></tr></tbody></table><h2>Test</h2><h3 id="m0">myTests.baseTestClass#InValidLogin</h3><table class="result"><tr class="param"><th>Parameter #1</th><th>Parameter #2</th></tr><tr class="param stripe"><td>Test13232</td><td>MUCT-air0tuss3sars</td></tr><tr><th colspan="2">Exception</th></tr><tr><td colspan="2"><div class="stacktrace">java.lang.AssertionError: Message Provided not matched with the Actual Result expected [true] but found [false]
	at com.mypages.base.verifyMessagePrompted(base.java:83)
	at myTests.baseTestClass.InValidLogin(baseTestClass.java:89)
... Removed 31 stack frames</div></td></tr></table><p class="totop"><a href="#summary">back to summary</a></p><h3 id="m1">myTests.baseTestClass#VerifyLoginWithJustPassword</h3><table class="result"><tr class="param"><th>Parameter #1</th><th>Parameter #2</th></tr><tr class="param stripe"><td>Test13232</td><td>MUCT-air0tuss3sars</td></tr><tr><th colspan="2">Exception</th></tr><tr><td colspan="2"><div class="stacktrace">java.lang.AssertionError: Message Provided not matched with the Actual Result expected [true] but found [false]
	at com.mypages.base.verifyMessagePrompted(base.java:83)
	at myTests.baseTestClass.VerifyLoginWithJustPassword(baseTestClass.java:101)
... Removed 31 stack frames</div></td></tr></table><p class="totop"><a href="#summary">back to summary</a></p><h3 id="m2">myTests.baseTestClass#VerifyLoginWithJustUserName</h3><table class="result"><tr class="param"><th>Parameter #1</th><th>Parameter #2</th></tr><tr class="param stripe"><td>Test13232</td><td>MUCT-air0tuss3sars</td></tr><tr><th colspan="2">Exception</th></tr><tr><td colspan="2"><div class="stacktrace">java.lang.AssertionError: Message Provided not matched with the Actual Result expected [true] but found [false]
	at com.mypages.base.verifyMessagePrompted(base.java:83)
	at myTests.baseTestClass.VerifyLoginWithJustUserName(baseTestClass.java:95)
... Removed 31 stack frames</div></td></tr></table><p class="totop"><a href="#summary">back to summary</a></p><h3 id="m3">myTests.baseTestClass#ValidLogin</h3><table class="result"><tr class="param"><th>Parameter #1</th><th>Parameter #2</th><th>Parameter #3</th></tr><tr class="param stripe"><td>qecandidate</td><td>MUCT-air0tuss3sars</td><td>mabl</td></tr></table><p class="totop"><a href="#summary">back to summary</a></p><h3 id="m4">myTests.baseTestClass#VerifyElementsPresentInLoginPage</h3><table class="result"></table><p class="totop"><a href="#summary">back to summary</a></p><h3 id="m5">myTests.baseTestClass#verifySearchResults</h3><table class="result"><tr class="param"><th>Parameter #1</th></tr><tr class="param stripe"><td>mabl</td></tr></table><p class="totop"><a href="#summary">back to summary</a></p></body></html>