<?xml version="1.0" encoding="UTF-8"?>
<testng-results ignored="0" total="6" passed="3" failed="3" skipped="0">
  <reporter-output>
  </reporter-output>
  <suite started-at="2021-05-10T21:31:31 EDT" name="Suite" finished-at="2021-05-10T21:32:20 EDT" duration-ms="48450">
    <groups>
    </groups>
    <test started-at="2021-05-10T21:31:31 EDT" name="Test" finished-at="2021-05-10T21:32:20 EDT" duration-ms="48450">
      <class name="myTests.baseTestClass">
        <test-method is-config="true" signature="sample()[pri:0, instance:myTests.baseTestClass@4671115f]" started-at="2021-05-10T21:31:32 EDT" name="sample" finished-at="2021-05-10T21:31:42 EDT" duration-ms="10557" status="PASS">
          <reporter-output>
          </reporter-output>
        </test-method> <!-- sample -->
        <test-method signature="InValidLogin(java.lang.String, java.lang.String)[pri:0, instance:myTests.baseTestClass@4671115f]" started-at="2021-05-10T21:31:42 EDT" name="InValidLogin" data-provider="inValidLoginCredentials" finished-at="2021-05-10T21:31:44 EDT" duration-ms="1292" status="FAIL">
          <params>
            <param index="0">
              <value>
                <![CDATA[Test13232]]>
              </value>
            </param>
            <param index="1">
              <value>
                <![CDATA[MUCT-air0tuss3sars]]>
              </value>
            </param>
          </params>
          <exception class="java.lang.AssertionError">
            <message>
              <![CDATA[Message Provided not matched with the Actual Result expected [true] but found [false]]]>
            </message>
            <full-stacktrace>
              <![CDATA[java.lang.AssertionError: Message Provided not matched with the Actual Result expected [true] but found [false]
at org.testng.Assert.fail(Assert.java:99)
at org.testng.Assert.failNotEquals(Assert.java:1037)
at org.testng.Assert.assertTrue(Assert.java:45)
at com.mypages.base.verifyMessagePrompted(base.java:83)
at myTests.baseTestClass.InValidLogin(baseTestClass.java:89)
at java.base/jdk.internal.reflect.NativeMethodAccessorImpl.invoke0(Native Method)
at java.base/jdk.internal.reflect.NativeMethodAccessorImpl.invoke(NativeMethodAccessorImpl.java:62)
at java.base/jdk.internal.reflect.DelegatingMethodAccessorImpl.invoke(DelegatingMethodAccessorImpl.java:43)
at java.base/java.lang.reflect.Method.invoke(Method.java:566)
at org.testng.internal.MethodInvocationHelper.invokeMethod(MethodInvocationHelper.java:132)
at org.testng.internal.TestInvoker.invokeMethod(TestInvoker.java:599)
at org.testng.internal.TestInvoker.invokeTestMethod(TestInvoker.java:174)
at org.testng.internal.MethodRunner.runInSequence(MethodRunner.java:46)
at org.testng.internal.TestInvoker$MethodInvocationAgent.invoke(TestInvoker.java:822)
at org.testng.internal.TestInvoker.invokeTestMethods(TestInvoker.java:147)
at org.testng.internal.TestMethodWorker.invokeTestMethods(TestMethodWorker.java:146)
at org.testng.internal.TestMethodWorker.run(TestMethodWorker.java:128)
at java.base/java.util.ArrayList.forEach(ArrayList.java:1541)
at org.testng.TestRunner.privateRun(TestRunner.java:764)
at org.testng.TestRunner.run(TestRunner.java:585)
at org.testng.SuiteRunner.runTest(SuiteRunner.java:384)
at org.testng.SuiteRunner.runSequentially(SuiteRunner.java:378)
at org.testng.SuiteRunner.privateRun(SuiteRunner.java:337)
at org.testng.SuiteRunner.run(SuiteRunner.java:286)
at org.testng.SuiteRunnerWorker.runSuite(SuiteRunnerWorker.java:53)
at org.testng.SuiteRunnerWorker.run(SuiteRunnerWorker.java:96)
at org.testng.TestNG.runSuitesSequentially(TestNG.java:1218)
at org.testng.TestNG.runSuitesLocally(TestNG.java:1140)
at org.testng.TestNG.runSuites(TestNG.java:1069)
at org.testng.TestNG.run(TestNG.java:1037)
at org.testng.remote.AbstractRemoteTestNG.run(AbstractRemoteTestNG.java:115)
at org.testng.remote.RemoteTestNG.initAndRun(RemoteTestNG.java:251)
at org.testng.remote.RemoteTestNG.main(RemoteTestNG.java:77)
]]>
            </full-stacktrace>
          </exception> <!-- java.lang.AssertionError -->
          <reporter-output>
          </reporter-output>
        </test-method> <!-- InValidLogin -->
        <test-method is-config="true" signature="tearDown()[pri:0, instance:myTests.baseTestClass@4671115f]" started-at="2021-05-10T21:31:44 EDT" name="tearDown" finished-at="2021-05-10T21:31:44 EDT" duration-ms="646" status="PASS">
          <reporter-output>
          </reporter-output>
        </test-method> <!-- tearDown -->
        <test-method is-config="true" signature="sample()[pri:0, instance:myTests.baseTestClass@4671115f]" started-at="2021-05-10T21:31:44 EDT" name="sample" finished-at="2021-05-10T21:31:47 EDT" duration-ms="2782" status="PASS">
          <reporter-output>
          </reporter-output>
        </test-method> <!-- sample -->
        <test-method signature="ValidLogin(java.lang.String, java.lang.String, java.lang.String)[pri:0, instance:myTests.baseTestClass@4671115f]" started-at="2021-05-10T21:31:47 EDT" name="ValidLogin" data-provider="ValidLoginCredentialsWithKeyWordSearch" finished-at="2021-05-10T21:31:58 EDT" duration-ms="11213" status="PASS">
          <params>
            <param index="0">
              <value>
                <![CDATA[qecandidate]]>
              </value>
            </param>
            <param index="1">
              <value>
                <![CDATA[MUCT-air0tuss3sars]]>
              </value>
            </param>
            <param index="2">
              <value>
                <![CDATA[mabl]]>
              </value>
            </param>
          </params>
          <reporter-output>
          </reporter-output>
        </test-method> <!-- ValidLogin -->
        <test-method is-config="true" signature="tearDown()[pri:0, instance:myTests.baseTestClass@4671115f]" started-at="2021-05-10T21:31:59 EDT" name="tearDown" finished-at="2021-05-10T21:31:59 EDT" duration-ms="642" status="PASS">
          <reporter-output>
          </reporter-output>
        </test-method> <!-- tearDown -->
        <test-method is-config="true" signature="sample()[pri:0, instance:myTests.baseTestClass@4671115f]" started-at="2021-05-10T21:31:59 EDT" name="sample" finished-at="2021-05-10T21:32:02 EDT" duration-ms="3086" status="PASS">
          <reporter-output>
          </reporter-output>
        </test-method> <!-- sample -->
        <test-method signature="VerifyElementsPresentInLoginPage()[pri:0, instance:myTests.baseTestClass@4671115f]" started-at="2021-05-10T21:32:02 EDT" name="VerifyElementsPresentInLoginPage" finished-at="2021-05-10T21:32:03 EDT" duration-ms="344" status="PASS">
          <reporter-output>
          </reporter-output>
        </test-method> <!-- VerifyElementsPresentInLoginPage -->
        <test-method is-config="true" signature="tearDown()[pri:0, instance:myTests.baseTestClass@4671115f]" started-at="2021-05-10T21:32:03 EDT" name="tearDown" finished-at="2021-05-10T21:32:04 EDT" duration-ms="1237" status="PASS">
          <reporter-output>
          </reporter-output>
        </test-method> <!-- tearDown -->
        <test-method is-config="true" signature="sample()[pri:0, instance:myTests.baseTestClass@4671115f]" started-at="2021-05-10T21:32:04 EDT" name="sample" finished-at="2021-05-10T21:32:07 EDT" duration-ms="3068" status="PASS">
          <reporter-output>
          </reporter-output>
        </test-method> <!-- sample -->
        <test-method signature="VerifyLoginWithJustPassword(java.lang.String, java.lang.String)[pri:0, instance:myTests.baseTestClass@4671115f]" started-at="2021-05-10T21:32:07 EDT" name="VerifyLoginWithJustPassword" data-provider="inValidLoginCredentials" finished-at="2021-05-10T21:32:08 EDT" duration-ms="757" status="FAIL">
          <params>
            <param index="0">
              <value>
                <![CDATA[Test13232]]>
              </value>
            </param>
            <param index="1">
              <value>
                <![CDATA[MUCT-air0tuss3sars]]>
              </value>
            </param>
          </params>
          <exception class="java.lang.AssertionError">
            <message>
              <![CDATA[Message Provided not matched with the Actual Result expected [true] but found [false]]]>
            </message>
            <full-stacktrace>
              <![CDATA[java.lang.AssertionError: Message Provided not matched with the Actual Result expected [true] but found [false]
at org.testng.Assert.fail(Assert.java:99)
at org.testng.Assert.failNotEquals(Assert.java:1037)
at org.testng.Assert.assertTrue(Assert.java:45)
at com.mypages.base.verifyMessagePrompted(base.java:83)
at myTests.baseTestClass.VerifyLoginWithJustPassword(baseTestClass.java:101)
at java.base/jdk.internal.reflect.NativeMethodAccessorImpl.invoke0(Native Method)
at java.base/jdk.internal.reflect.NativeMethodAccessorImpl.invoke(NativeMethodAccessorImpl.java:62)
at java.base/jdk.internal.reflect.DelegatingMethodAccessorImpl.invoke(DelegatingMethodAccessorImpl.java:43)
at java.base/java.lang.reflect.Method.invoke(Method.java:566)
at org.testng.internal.MethodInvocationHelper.invokeMethod(MethodInvocationHelper.java:132)
at org.testng.internal.TestInvoker.invokeMethod(TestInvoker.java:599)
at org.testng.internal.TestInvoker.invokeTestMethod(TestInvoker.java:174)
at org.testng.internal.MethodRunner.runInSequence(MethodRunner.java:46)
at org.testng.internal.TestInvoker$MethodInvocationAgent.invoke(TestInvoker.java:822)
at org.testng.internal.TestInvoker.invokeTestMethods(TestInvoker.java:147)
at org.testng.internal.TestMethodWorker.invokeTestMethods(TestMethodWorker.java:146)
at org.testng.internal.TestMethodWorker.run(TestMethodWorker.java:128)
at java.base/java.util.ArrayList.forEach(ArrayList.java:1541)
at org.testng.TestRunner.privateRun(TestRunner.java:764)
at org.testng.TestRunner.run(TestRunner.java:585)
at org.testng.SuiteRunner.runTest(SuiteRunner.java:384)
at org.testng.SuiteRunner.runSequentially(SuiteRunner.java:378)
at org.testng.SuiteRunner.privateRun(SuiteRunner.java:337)
at org.testng.SuiteRunner.run(SuiteRunner.java:286)
at org.testng.SuiteRunnerWorker.runSuite(SuiteRunnerWorker.java:53)
at org.testng.SuiteRunnerWorker.run(SuiteRunnerWorker.java:96)
at org.testng.TestNG.runSuitesSequentially(TestNG.java:1218)
at org.testng.TestNG.runSuitesLocally(TestNG.java:1140)
at org.testng.TestNG.runSuites(TestNG.java:1069)
at org.testng.TestNG.run(TestNG.java:1037)
at org.testng.remote.AbstractRemoteTestNG.run(AbstractRemoteTestNG.java:115)
at org.testng.remote.RemoteTestNG.initAndRun(RemoteTestNG.java:251)
at org.testng.remote.RemoteTestNG.main(RemoteTestNG.java:77)
]]>
            </full-stacktrace>
          </exception> <!-- java.lang.AssertionError -->
          <reporter-output>
          </reporter-output>
        </test-method> <!-- VerifyLoginWithJustPassword -->
        <test-method is-config="true" signature="tearDown()[pri:0, instance:myTests.baseTestClass@4671115f]" started-at="2021-05-10T21:32:08 EDT" name="tearDown" finished-at="2021-05-10T21:32:09 EDT" duration-ms="687" status="PASS">
          <reporter-output>
          </reporter-output>
        </test-method> <!-- tearDown -->
        <test-method is-config="true" signature="sample()[pri:0, instance:myTests.baseTestClass@4671115f]" started-at="2021-05-10T21:32:09 EDT" name="sample" finished-at="2021-05-10T21:32:12 EDT" duration-ms="2901" status="PASS">
          <reporter-output>
          </reporter-output>
        </test-method> <!-- sample -->
        <test-method signature="VerifyLoginWithJustUserName(java.lang.String, java.lang.String)[pri:0, instance:myTests.baseTestClass@4671115f]" started-at="2021-05-10T21:32:12 EDT" name="VerifyLoginWithJustUserName" data-provider="inValidLoginCredentials" finished-at="2021-05-10T21:32:13 EDT" duration-ms="724" status="FAIL">
          <params>
            <param index="0">
              <value>
                <![CDATA[Test13232]]>
              </value>
            </param>
            <param index="1">
              <value>
                <![CDATA[MUCT-air0tuss3sars]]>
              </value>
            </param>
          </params>
          <exception class="java.lang.AssertionError">
            <message>
              <![CDATA[Message Provided not matched with the Actual Result expected [true] but found [false]]]>
            </message>
            <full-stacktrace>
              <![CDATA[java.lang.AssertionError: Message Provided not matched with the Actual Result expected [true] but found [false]
at org.testng.Assert.fail(Assert.java:99)
at org.testng.Assert.failNotEquals(Assert.java:1037)
at org.testng.Assert.assertTrue(Assert.java:45)
at com.mypages.base.verifyMessagePrompted(base.java:83)
at myTests.baseTestClass.VerifyLoginWithJustUserName(baseTestClass.java:95)
at java.base/jdk.internal.reflect.NativeMethodAccessorImpl.invoke0(Native Method)
at java.base/jdk.internal.reflect.NativeMethodAccessorImpl.invoke(NativeMethodAccessorImpl.java:62)
at java.base/jdk.internal.reflect.DelegatingMethodAccessorImpl.invoke(DelegatingMethodAccessorImpl.java:43)
at java.base/java.lang.reflect.Method.invoke(Method.java:566)
at org.testng.internal.MethodInvocationHelper.invokeMethod(MethodInvocationHelper.java:132)
at org.testng.internal.TestInvoker.invokeMethod(TestInvoker.java:599)
at org.testng.internal.TestInvoker.invokeTestMethod(TestInvoker.java:174)
at org.testng.internal.MethodRunner.runInSequence(MethodRunner.java:46)
at org.testng.internal.TestInvoker$MethodInvocationAgent.invoke(TestInvoker.java:822)
at org.testng.internal.TestInvoker.invokeTestMethods(TestInvoker.java:147)
at org.testng.internal.TestMethodWorker.invokeTestMethods(TestMethodWorker.java:146)
at org.testng.internal.TestMethodWorker.run(TestMethodWorker.java:128)
at java.base/java.util.ArrayList.forEach(ArrayList.java:1541)
at org.testng.TestRunner.privateRun(TestRunner.java:764)
at org.testng.TestRunner.run(TestRunner.java:585)
at org.testng.SuiteRunner.runTest(SuiteRunner.java:384)
at org.testng.SuiteRunner.runSequentially(SuiteRunner.java:378)
at org.testng.SuiteRunner.privateRun(SuiteRunner.java:337)
at org.testng.SuiteRunner.run(SuiteRunner.java:286)
at org.testng.SuiteRunnerWorker.runSuite(SuiteRunnerWorker.java:53)
at org.testng.SuiteRunnerWorker.run(SuiteRunnerWorker.java:96)
at org.testng.TestNG.runSuitesSequentially(TestNG.java:1218)
at org.testng.TestNG.runSuitesLocally(TestNG.java:1140)
at org.testng.TestNG.runSuites(TestNG.java:1069)
at org.testng.TestNG.run(TestNG.java:1037)
at org.testng.remote.AbstractRemoteTestNG.run(AbstractRemoteTestNG.java:115)
at org.testng.remote.RemoteTestNG.initAndRun(RemoteTestNG.java:251)
at org.testng.remote.RemoteTestNG.main(RemoteTestNG.java:77)
]]>
            </full-stacktrace>
          </exception> <!-- java.lang.AssertionError -->
          <reporter-output>
          </reporter-output>
        </test-method> <!-- VerifyLoginWithJustUserName -->
        <test-method is-config="true" signature="tearDown()[pri:0, instance:myTests.baseTestClass@4671115f]" started-at="2021-05-10T21:32:13 EDT" name="tearDown" finished-at="2021-05-10T21:32:13 EDT" duration-ms="641" status="PASS">
          <reporter-output>
          </reporter-output>
        </test-method> <!-- tearDown -->
        <test-method is-config="true" signature="sample()[pri:0, instance:myTests.baseTestClass@4671115f]" started-at="2021-05-10T21:32:13 EDT" name="sample" finished-at="2021-05-10T21:32:16 EDT" duration-ms="2836" status="PASS">
          <reporter-output>
          </reporter-output>
        </test-method> <!-- sample -->
        <test-method signature="verifySearchResults(java.lang.String)[pri:0, instance:myTests.baseTestClass@4671115f]" started-at="2021-05-10T21:32:16 EDT" name="verifySearchResults" finished-at="2021-05-10T21:32:19 EDT" duration-ms="2465" status="PASS">
          <params>
            <param index="0">
              <value>
                <![CDATA[mabl]]>
              </value>
            </param>
          </params>
          <reporter-output>
          </reporter-output>
        </test-method> <!-- verifySearchResults -->
        <test-method is-config="true" signature="tearDown()[pri:0, instance:myTests.baseTestClass@4671115f]" started-at="2021-05-10T21:32:19 EDT" name="tearDown" finished-at="2021-05-10T21:32:20 EDT" duration-ms="682" status="PASS">
          <reporter-output>
          </reporter-output>
        </test-method> <!-- tearDown -->
      </class> <!-- myTests.baseTestClass -->
    </test> <!-- Test -->
  </suite> <!-- Suite -->
</testng-results>
